<?xml version="1.0" encoding="UTF-8"?>
<!-- Generated by org.testng.reporters.JUnitReportReporter -->
<testsuite skipped="0" hostname="DESKTOP-RUD9UKL" name="com.ng.Execution2Test" tests="3" failures="0" timestamp="28 Apr 2023 16:05:26 GMT" time="0.017" errors="0">
  <testcase name="ten" time="0.004" classname="com.ng.Execution2Test"/>
  <testcase name="one" time="0.005" classname="com.ng.Execution2Test"/>
  <testcase name="Fifty" time="0.008" classname="com.ng.Execution2Test"/>
</testsuite> <!-- com.ng.Execution2Test -->
