<?xml version="1.0" encoding="UTF-8"?>
<!-- Generated by org.testng.reporters.JUnitReportReporter -->
<testsuite skipped="0" hostname="DESKTOP-RUD9UKL" name="com.ng.OrangeHRMTest" tests="1" failures="0" timestamp="03 May 2023 16:06:04 GMT" time="7.031" errors="0">
  <testcase name="hrm" time="7.031" classname="com.ng.OrangeHRMTest"/>
</testsuite> <!-- com.ng.OrangeHRMTest -->
