<?xml version="1.0" encoding="UTF-8"?>
<!-- Generated by org.testng.reporters.JUnitReportReporter -->
<testsuite skipped="0" hostname="DESKTOP-RUD9UKL" name="com.mix.FacebookTest" tests="1" failures="0" timestamp="05 May 2023 16:01:32 GMT" time="33.380" errors="0">
  <testcase name="fb" time="33.380" classname="com.mix.FacebookTest"/>
</testsuite> <!-- com.mix.FacebookTest -->
