<?xml version="1.0" encoding="UTF-8"?>
<!-- Generated by org.testng.reporters.JUnitReportReporter -->
<testsuite skipped="0" hostname="DESKTOP-RUD9UKL" name="com.mix.DropDownTest" tests="1" failures="0" timestamp="05 May 2023 16:05:02 GMT" time="28.627" errors="0">
  <testcase name="ihg" time="28.627" classname="com.mix.DropDownTest"/>
</testsuite> <!-- com.mix.DropDownTest -->
