<?xml version="1.0" encoding="UTF-8"?>
<!-- Generated by org.testng.reporters.JUnitReportReporter -->
<testsuite skipped="0" hostname="DESKTOP-RUD9UKL" name="com.ng.Attribute2Test" tests="1" failures="0" timestamp="03 May 2023 16:12:30 GMT" time="16.677" errors="0">
  <testcase name="fb" time="16.677" classname="com.ng.Attribute2Test"/>
</testsuite> <!-- com.ng.Attribute2Test -->
