<?xml version="1.0" encoding="UTF-8"?>
<!-- Generated by org.testng.reporters.JUnitReportReporter -->
<testsuite skipped="0" hostname="DESKTOP-RUD9UKL" name="com.grp.DropDownTest" tests="1" failures="0" timestamp="05 May 2023 15:50:42 GMT" time="74.775" errors="0">
  <testcase name="ihg" time="74.775" classname="com.grp.DropDownTest"/>
</testsuite> <!-- com.grp.DropDownTest -->
