<?xml version="1.0" encoding="UTF-8"?>
<!-- Generated by org.testng.reporters.JUnitReportReporter -->
<testsuite skipped="0" hostname="DESKTOP-RUD9UKL" name="com.ng.OrangeParaTest" tests="1" failures="0" timestamp="05 May 2023 16:18:23 GMT" time="19.403" errors="0">
  <testcase name="hrm" time="19.403" classname="com.ng.OrangeParaTest"/>
</testsuite> <!-- com.ng.OrangeParaTest -->
