<?xml version="1.0" encoding="UTF-8"?>
<!-- Generated by org.testng.reporters.JUnitReportReporter -->
<testsuite skipped="0" hostname="DESKTOP-RUD9UKL" name="com.ng.ExcelDataTest" tests="1" failures="0" timestamp="16 May 2023 15:40:25 GMT" time="9.478" errors="0">
  <testcase name="excel" time="9.478" classname="com.ng.ExcelDataTest"/>
</testsuite> <!-- com.ng.ExcelDataTest -->
