<?xml version="1.0" encoding="UTF-8"?>
<!-- Generated by org.testng.reporters.JUnitReportReporter -->
<testsuite skipped="0" hostname="DESKTOP-RUD9UKL" name="com.ng.Attribute4Test" tests="4" failures="0" timestamp="03 May 2023 16:25:00 GMT" time="0.044" errors="0">
  <testcase name="apple" time="0.008" classname="com.ng.Attribute4Test"/>
  <testcase name="banana" time="0.032" classname="com.ng.Attribute4Test"/>
  <testcase name="mango" time="0.002" classname="com.ng.Attribute4Test"/>
  <testcase name="grapes" time="0.002" classname="com.ng.Attribute4Test"/>
</testsuite> <!-- com.ng.Attribute4Test -->
