<?xml version="1.0" encoding="UTF-8"?>
<!-- Generated by org.testng.reporters.JUnitReportReporter -->
<testsuite skipped="0" hostname="DESKTOP-RUD9UKL" name="com.ng.AmazonTest" tests="1" failures="0" timestamp="03 May 2023 16:06:04 GMT" time="10.076" errors="0">
  <testcase name="amazon" time="10.076" classname="com.ng.AmazonTest"/>
</testsuite> <!-- com.ng.AmazonTest -->
