<?xml version="1.0" encoding="UTF-8"?>
<!-- Generated by org.testng.reporters.JUnitReportReporter -->
<testsuite skipped="0" hostname="DESKTOP-RUD9UKL" name="com.ng.FacebookTest" tests="1" failures="0" timestamp="03 May 2023 16:06:04 GMT" time="8.919" errors="0">
  <testcase name="fb" time="8.919" classname="com.ng.FacebookTest"/>
</testsuite> <!-- com.ng.FacebookTest -->
