<?xml version="1.0" encoding="UTF-8"?>
<!-- Generated by org.testng.reporters.JUnitReportReporter -->
<testsuite skipped="0" hostname="DESKTOP-RUD9UKL" name="com.ng.Attribute3Test" tests="4" failures="0" timestamp="03 May 2023 16:18:22 GMT" time="0.031" errors="0">
  <testcase name="banana" time="0.021" classname="com.ng.Attribute3Test"/>
  <testcase name="grapes" time="0.003" classname="com.ng.Attribute3Test"/>
  <testcase name="apple" time="0.004" classname="com.ng.Attribute3Test"/>
  <testcase name="mango" time="0.003" classname="com.ng.Attribute3Test"/>
</testsuite> <!-- com.ng.Attribute3Test -->
