<?xml version="1.0" encoding="UTF-8"?>
<!-- Generated by org.testng.reporters.JUnitReportReporter -->
<testsuite skipped="0" hostname="DESKTOP-RUD9UKL" name="com.ng.OrangeDataProTest" tests="2" failures="0" timestamp="05 May 2023 16:26:38 GMT" time="35.273" errors="0">
  <testcase name="hrm" time="15.639" classname="com.ng.OrangeDataProTest"/>
  <testcase name="hrm" time="19.634" classname="com.ng.OrangeDataProTest"/>
</testsuite> <!-- com.ng.OrangeDataProTest -->
