<?xml version="1.0" encoding="UTF-8"?>
<!-- Generated by org.testng.reporters.JUnitReportReporter -->
<testsuite skipped="0" hostname="DESKTOP-RUD9UKL" name="com.grp.FacebookTest" tests="1" failures="0" timestamp="05 May 2023 15:55:11 GMT" time="18.600" errors="0">
  <testcase name="fb" time="18.600" classname="com.grp.FacebookTest"/>
</testsuite> <!-- com.grp.FacebookTest -->
