<?xml version="1.0" encoding="UTF-8"?>
<!-- Generated by org.testng.reporters.JUnitReportReporter -->
<testsuite skipped="0" hostname="DESKTOP-RUD9UKL" name="com.ng.Attribute1Test" tests="3" failures="0" timestamp="03 May 2023 16:09:36 GMT" time="29.584" errors="0">
  <testcase name="fb" time="9.593" classname="com.ng.Attribute1Test"/>
  <testcase name="fb" time="9.805" classname="com.ng.Attribute1Test"/>
  <testcase name="fb" time="10.186" classname="com.ng.Attribute1Test"/>
</testsuite> <!-- com.ng.Attribute1Test -->
