<?xml version="1.0" encoding="UTF-8"?>
<!-- Generated by org.testng.reporters.JUnitReportReporter -->
<testsuite skipped="0" hostname="DESKTOP-RUD9UKL" name="com.mix.OrangeHRMTest" tests="1" failures="0" timestamp="05 May 2023 16:05:02 GMT" time="10.155" errors="0">
  <testcase name="hrm" time="10.155" classname="com.mix.OrangeHRMTest"/>
</testsuite> <!-- com.mix.OrangeHRMTest -->
