<?xml version="1.0" encoding="UTF-8"?>
<!-- Generated by org.testng.reporters.JUnitReportReporter -->
<testsuite skipped="0" hostname="DESKTOP-RUD9UKL" name="com.ng.OrangeHRMREPORTTEST" tests="1" failures="0" timestamp="12 May 2023 16:23:52 GMT" time="34.012" errors="0">
  <testcase name="hrmReport" time="34.012" classname="com.ng.OrangeHRMREPORTTEST"/>
</testsuite> <!-- com.ng.OrangeHRMREPORTTEST -->
