<?xml version="1.0" encoding="UTF-8"?>
<!-- Generated by org.testng.reporters.JUnitReportReporter -->
<testsuite skipped="0" hostname="DESKTOP-RUD9UKL" name="com.ng.ExecutionTest" tests="1" failures="0" timestamp="28 Apr 2023 15:57:51 GMT" time="0.010" errors="0">
  <testcase name="one" time="0.010" classname="com.ng.ExecutionTest"/>
</testsuite> <!-- com.ng.ExecutionTest -->
