<?xml version="1.0" encoding="UTF-8"?>
<!-- Generated by org.testng.reporters.JUnitReportReporter -->
<testsuite skipped="0" hostname="DESKTOP-RUD9UKL" name="com.grp.OrangeHRMTest" tests="1" failures="0" timestamp="11 May 2023 15:48:02 GMT" time="46.017" errors="0">
  <testcase name="hrm" time="46.017" classname="com.grp.OrangeHRMTest"/>
</testsuite> <!-- com.grp.OrangeHRMTest -->
