<?xml version="1.0" encoding="UTF-8"?>
<!-- Generated by org.testng.reporters.JUnitReportReporter -->
<testsuite skipped="0" hostname="DESKTOP-RUD9UKL" name="com.ng.LoginHRMWorkingWithExcel" tests="3" failures="0" timestamp="16 May 2023 15:57:40 GMT" time="146.265" errors="0">
  <testcase name="ihgLogin" time="56.937" classname="com.ng.LoginHRMWorkingWithExcel"/>
  <testcase name="ihgLogin" time="45.721" classname="com.ng.LoginHRMWorkingWithExcel"/>
  <testcase name="ihgLogin" time="43.607" classname="com.ng.LoginHRMWorkingWithExcel"/>
</testsuite> <!-- com.ng.LoginHRMWorkingWithExcel -->
